Performing C SOURCE FILE Test HAVE_STRUCT_STAT_ST_ATIM failed with the following output:
Change Dir: /Users/Eonil/Temp/a1/libgit2-make-ios/bin/CMakeFiles/CMakeTmp

Run Build Command:"/usr/bin/make" "cmTC_7ccec/fast"
/Applications/Xcode.app/Contents/Developer/usr/bin/make -f CMakeFiles/cmTC_7ccec.dir/build.make CMakeFiles/cmTC_7ccec.dir/build
Building C object CMakeFiles/cmTC_7ccec.dir/src.c.o
/Applications/Xcode.app/Contents/Developer/Toolchains/XcodeDefault.xctoolchain/usr/bin/cc    -arch armv6 -isysroot "/Applications/Xcode.app/Contents/Developer/Platforms/iPhoneOS.platform/Developer/SDKs/iPhoneOS9.2.sdk" -miphoneos-version-min=4.0 -I/Applications/Xcode.app/Contents/Developer/Platforms/iPhoneOS.platform/Developer/SDKs/iPhoneOS9.2.sdk/usr/include -L/Applications/Xcode.app/Contents/Developer/Platforms/iPhoneOS.platform/Developer/SDKs/iPhoneOS9.2.sdk/usr/lib -lc++ -std=c11  -DHAVE_STRUCT_STAT_ST_ATIM -isysroot /Applications/Xcode.app/Contents/Developer/Platforms/MacOSX.platform/Developer/SDKs/MacOSX10.11.sdk   -o CMakeFiles/cmTC_7ccec.dir/src.c.o   -c /Users/Eonil/Temp/a1/libgit2-make-ios/bin/CMakeFiles/CMakeTmp/src.c
clang: warning: -lc++: 'linker' input unused
clang: warning: argument unused during compilation: '-L/Applications/Xcode.app/Contents/Developer/Platforms/iPhoneOS.platform/Developer/SDKs/iPhoneOS9.2.sdk/usr/lib'
/Users/Eonil/Temp/a1/libgit2-make-ios/bin/CMakeFiles/CMakeTmp/src.c:7:37: error: no member named 'st_atim' in 'struct stat'
   (void)sizeof(((struct stat *)0)->st_atim);
                ~~~~~~~~~~~~~~~~~~  ^
1 error generated.
make[1]: *** [CMakeFiles/cmTC_7ccec.dir/src.c.o] Error 1
make: *** [cmTC_7ccec/fast] Error 2

Source file was:

#include <sys/types.h>
#include <sys/stat.h>

int main()
{
   (void)sizeof(((struct stat *)0)->st_atim);
   return 0;
}

Performing C SOURCE FILE Test HAVE_STRUCT_STAT_ST_ATIMESPEC failed with the following output:
Change Dir: /Users/Eonil/Temp/a1/libgit2-make-ios/bin/CMakeFiles/CMakeTmp

Run Build Command:"/usr/bin/make" "cmTC_5e721/fast"
/Applications/Xcode.app/Contents/Developer/usr/bin/make -f CMakeFiles/cmTC_5e721.dir/build.make CMakeFiles/cmTC_5e721.dir/build
Building C object CMakeFiles/cmTC_5e721.dir/src.c.o
/Applications/Xcode.app/Contents/Developer/Toolchains/XcodeDefault.xctoolchain/usr/bin/cc    -arch armv6 -isysroot "/Applications/Xcode.app/Contents/Developer/Platforms/iPhoneOS.platform/Developer/SDKs/iPhoneOS9.2.sdk" -miphoneos-version-min=4.0 -I/Applications/Xcode.app/Contents/Developer/Platforms/iPhoneOS.platform/Developer/SDKs/iPhoneOS9.2.sdk/usr/include -L/Applications/Xcode.app/Contents/Developer/Platforms/iPhoneOS.platform/Developer/SDKs/iPhoneOS9.2.sdk/usr/lib -lc++ -std=c11  -DHAVE_STRUCT_STAT_ST_ATIMESPEC -isysroot /Applications/Xcode.app/Contents/Developer/Platforms/MacOSX.platform/Developer/SDKs/MacOSX10.11.sdk   -o CMakeFiles/cmTC_5e721.dir/src.c.o   -c /Users/Eonil/Temp/a1/libgit2-make-ios/bin/CMakeFiles/CMakeTmp/src.c
clang: warning: -lc++: 'linker' input unused
clang: warning: argument unused during compilation: '-L/Applications/Xcode.app/Contents/Developer/Platforms/iPhoneOS.platform/Developer/SDKs/iPhoneOS9.2.sdk/usr/lib'
Linking C executable cmTC_5e721
/Users/Eonil/Unix/homebrew/Cellar/cmake/3.4.0/bin/cmake -E cmake_link_script CMakeFiles/cmTC_5e721.dir/link.txt --verbose=1
/Applications/Xcode.app/Contents/Developer/Toolchains/XcodeDefault.xctoolchain/usr/bin/cc  -arch armv6 -isysroot "/Applications/Xcode.app/Contents/Developer/Platforms/iPhoneOS.platform/Developer/SDKs/iPhoneOS9.2.sdk" -miphoneos-version-min=4.0 -I/Applications/Xcode.app/Contents/Developer/Platforms/iPhoneOS.platform/Developer/SDKs/iPhoneOS9.2.sdk/usr/include -L/Applications/Xcode.app/Contents/Developer/Platforms/iPhoneOS.platform/Developer/SDKs/iPhoneOS9.2.sdk/usr/lib -lc++ -std=c11  -DHAVE_STRUCT_STAT_ST_ATIMESPEC -isysroot /Applications/Xcode.app/Contents/Developer/Platforms/MacOSX.platform/Developer/SDKs/MacOSX10.11.sdk -Wl,-headerpad_max_install_names  -arch armv6 -isysroot "/Applications/Xcode.app/Contents/Developer/Platforms/iPhoneOS.platform/Developer/SDKs/iPhoneOS9.2.sdk" -miphoneos-version-min=4.0 -I/Applications/Xcode.app/Contents/Developer/Platforms/iPhoneOS.platform/Developer/SDKs/iPhoneOS9.2.sdk/usr/include -L/Applications/Xcode.app/Contents/Developer/Platforms/iPhoneOS.platform/Developer/SDKs/iPhoneOS9.2.sdk/usr/lib -lc++ -std=c11 -std=c11 -std=c++14 -lpthread -lc++  CMakeFiles/cmTC_5e721.dir/src.c.o  -o cmTC_5e721  
ld: warning: ignoring file /Applications/Xcode.app/Contents/Developer/Platforms/iPhoneOS.platform/Developer/SDKs/iPhoneOS9.2.sdk/usr/lib/libc++.tbd, missing required architecture armv6 in file /Applications/Xcode.app/Contents/Developer/Platforms/iPhoneOS.platform/Developer/SDKs/iPhoneOS9.2.sdk/usr/lib/libc++.tbd
ld: file is universal (2 slices) but does not contain a(n) armv6 slice: /Applications/Xcode.app/Contents/Developer/Platforms/iPhoneOS.platform/Developer/SDKs/iPhoneOS9.2.sdk/usr/lib/crt1.3.1.o file '/Applications/Xcode.app/Contents/Developer/Platforms/iPhoneOS.platform/Developer/SDKs/iPhoneOS9.2.sdk/usr/lib/crt1.3.1.o' for architecture armv6
clang: error: linker command failed with exit code 1 (use -v to see invocation)
make[1]: *** [cmTC_5e721] Error 1
make: *** [cmTC_5e721/fast] Error 2

Source file was:

#include <sys/types.h>
#include <sys/stat.h>

int main()
{
   (void)sizeof(((struct stat *)0)->st_atimespec);
   return 0;
}

Determining if the function SSLCreateContext exists in the /Applications/Xcode.app/Contents/Developer/Platforms/iPhoneOS.platform/Developer/SDKs/iPhoneOS9.2.sdk/System/Library/Frameworks/Security.framework failed with the following output:
Change Dir: /Users/Eonil/Temp/a1/libgit2-make-ios/bin/CMakeFiles/CMakeTmp

Run Build Command:"/usr/bin/make" "cmTC_d484e/fast"
/Applications/Xcode.app/Contents/Developer/usr/bin/make -f CMakeFiles/cmTC_d484e.dir/build.make CMakeFiles/cmTC_d484e.dir/build
Building C object CMakeFiles/cmTC_d484e.dir/CheckFunctionExists.c.o
/Applications/Xcode.app/Contents/Developer/Toolchains/XcodeDefault.xctoolchain/usr/bin/cc    -arch armv6 -isysroot "/Applications/Xcode.app/Contents/Developer/Platforms/iPhoneOS.platform/Developer/SDKs/iPhoneOS9.2.sdk" -miphoneos-version-min=4.0 -I/Applications/Xcode.app/Contents/Developer/Platforms/iPhoneOS.platform/Developer/SDKs/iPhoneOS9.2.sdk/usr/include -L/Applications/Xcode.app/Contents/Developer/Platforms/iPhoneOS.platform/Developer/SDKs/iPhoneOS9.2.sdk/usr/lib -lc++ -std=c11  -DCHECK_FUNCTION_EXISTS=SSLCreateContext -isysroot /Applications/Xcode.app/Contents/Developer/Platforms/MacOSX.platform/Developer/SDKs/MacOSX10.11.sdk   -F/Applications/Xcode.app/Contents/Developer/Platforms/iPhoneOS.platform/Developer/SDKs/iPhoneOS9.2.sdk/System/Library/Frameworks  -o CMakeFiles/cmTC_d484e.dir/CheckFunctionExists.c.o   -c /Users/Eonil/Unix/homebrew/Cellar/cmake/3.4.0/share/cmake/Modules/CheckFunctionExists.c
clang: warning: -lc++: 'linker' input unused
clang: warning: argument unused during compilation: '-L/Applications/Xcode.app/Contents/Developer/Platforms/iPhoneOS.platform/Developer/SDKs/iPhoneOS9.2.sdk/usr/lib'
Linking C executable cmTC_d484e
/Users/Eonil/Unix/homebrew/Cellar/cmake/3.4.0/bin/cmake -E cmake_link_script CMakeFiles/cmTC_d484e.dir/link.txt --verbose=1
/Applications/Xcode.app/Contents/Developer/Toolchains/XcodeDefault.xctoolchain/usr/bin/cc  -arch armv6 -isysroot "/Applications/Xcode.app/Contents/Developer/Platforms/iPhoneOS.platform/Developer/SDKs/iPhoneOS9.2.sdk" -miphoneos-version-min=4.0 -I/Applications/Xcode.app/Contents/Developer/Platforms/iPhoneOS.platform/Developer/SDKs/iPhoneOS9.2.sdk/usr/include -L/Applications/Xcode.app/Contents/Developer/Platforms/iPhoneOS.platform/Developer/SDKs/iPhoneOS9.2.sdk/usr/lib -lc++ -std=c11  -DCHECK_FUNCTION_EXISTS=SSLCreateContext -isysroot /Applications/Xcode.app/Contents/Developer/Platforms/MacOSX.platform/Developer/SDKs/MacOSX10.11.sdk -Wl,-headerpad_max_install_names  -arch armv6 -isysroot "/Applications/Xcode.app/Contents/Developer/Platforms/iPhoneOS.platform/Developer/SDKs/iPhoneOS9.2.sdk" -miphoneos-version-min=4.0 -I/Applications/Xcode.app/Contents/Developer/Platforms/iPhoneOS.platform/Developer/SDKs/iPhoneOS9.2.sdk/usr/include -L/Applications/Xcode.app/Contents/Developer/Platforms/iPhoneOS.platform/Developer/SDKs/iPhoneOS9.2.sdk/usr/lib -lc++ -std=c11 -std=c11 -std=c++14 -lpthread -lc++  CMakeFiles/cmTC_d484e.dir/CheckFunctionExists.c.o  -o cmTC_d484e -F/Applications/Xcode.app/Contents/Developer/Platforms/iPhoneOS.platform/Developer/SDKs/iPhoneOS9.2.sdk/System/Library/Frameworks  -L/Users/Eonil/Temp/a1/libgit2-make-ios/bin/CMakeFiles/CMakeTmp/Security/SecureTransport.h  -framework Security 
ld: warning: directory not found for option '-L/Users/Eonil/Temp/a1/libgit2-make-ios/bin/CMakeFiles/CMakeTmp/Security/SecureTransport.h'
ld: warning: ignoring file /Applications/Xcode.app/Contents/Developer/Platforms/iPhoneOS.platform/Developer/SDKs/iPhoneOS9.2.sdk/usr/lib/libc++.tbd, missing required architecture armv6 in file /Applications/Xcode.app/Contents/Developer/Platforms/iPhoneOS.platform/Developer/SDKs/iPhoneOS9.2.sdk/usr/lib/libc++.tbd
ld: file is universal (2 slices) but does not contain a(n) armv6 slice: /Applications/Xcode.app/Contents/Developer/Platforms/iPhoneOS.platform/Developer/SDKs/iPhoneOS9.2.sdk/usr/lib/crt1.3.1.o file '/Applications/Xcode.app/Contents/Developer/Platforms/iPhoneOS.platform/Developer/SDKs/iPhoneOS9.2.sdk/usr/lib/crt1.3.1.o' for architecture armv6
clang: error: linker command failed with exit code 1 (use -v to see invocation)
make[1]: *** [cmTC_d484e] Error 1
make: *** [cmTC_d484e/fast] Error 2


Performing C SOURCE FILE Test IS_WDOCUMENTATION_SUPPORTED failed with the following output:
Change Dir: /Users/Eonil/Temp/a1/libgit2-make-ios/bin/CMakeFiles/CMakeTmp

Run Build Command:"/usr/bin/make" "cmTC_99b18/fast"
/Applications/Xcode.app/Contents/Developer/usr/bin/make -f CMakeFiles/cmTC_99b18.dir/build.make CMakeFiles/cmTC_99b18.dir/build
Building C object CMakeFiles/cmTC_99b18.dir/src.c.o
/Applications/Xcode.app/Contents/Developer/Toolchains/XcodeDefault.xctoolchain/usr/bin/cc    -D_GNU_SOURCE -Wall -Wextra -arch armv6 -isysroot "/Applications/Xcode.app/Contents/Developer/Platforms/iPhoneOS.platform/Developer/SDKs/iPhoneOS9.2.sdk" -miphoneos-version-min=4.0 -I/Applications/Xcode.app/Contents/Developer/Platforms/iPhoneOS.platform/Developer/SDKs/iPhoneOS9.2.sdk/usr/include -L/Applications/Xcode.app/Contents/Developer/Platforms/iPhoneOS.platform/Developer/SDKs/iPhoneOS9.2.sdk/usr/lib -lc++ -std=c11  -DIS_WDOCUMENTATION_SUPPORTED -isysroot /Applications/Xcode.app/Contents/Developer/Platforms/MacOSX.platform/Developer/SDKs/MacOSX10.11.sdk   -Wdocumentation -o CMakeFiles/cmTC_99b18.dir/src.c.o   -c /Users/Eonil/Temp/a1/libgit2-make-ios/bin/CMakeFiles/CMakeTmp/src.c
clang: warning: -lc++: 'linker' input unused
clang: warning: argument unused during compilation: '-L/Applications/Xcode.app/Contents/Developer/Platforms/iPhoneOS.platform/Developer/SDKs/iPhoneOS9.2.sdk/usr/lib'
Linking C executable cmTC_99b18
/Users/Eonil/Unix/homebrew/Cellar/cmake/3.4.0/bin/cmake -E cmake_link_script CMakeFiles/cmTC_99b18.dir/link.txt --verbose=1
/Applications/Xcode.app/Contents/Developer/Toolchains/XcodeDefault.xctoolchain/usr/bin/cc  -D_GNU_SOURCE -Wall -Wextra -arch armv6 -isysroot "/Applications/Xcode.app/Contents/Developer/Platforms/iPhoneOS.platform/Developer/SDKs/iPhoneOS9.2.sdk" -miphoneos-version-min=4.0 -I/Applications/Xcode.app/Contents/Developer/Platforms/iPhoneOS.platform/Developer/SDKs/iPhoneOS9.2.sdk/usr/include -L/Applications/Xcode.app/Contents/Developer/Platforms/iPhoneOS.platform/Developer/SDKs/iPhoneOS9.2.sdk/usr/lib -lc++ -std=c11  -DIS_WDOCUMENTATION_SUPPORTED -isysroot /Applications/Xcode.app/Contents/Developer/Platforms/MacOSX.platform/Developer/SDKs/MacOSX10.11.sdk -Wl,-headerpad_max_install_names  -arch armv6 -isysroot "/Applications/Xcode.app/Contents/Developer/Platforms/iPhoneOS.platform/Developer/SDKs/iPhoneOS9.2.sdk" -miphoneos-version-min=4.0 -I/Applications/Xcode.app/Contents/Developer/Platforms/iPhoneOS.platform/Developer/SDKs/iPhoneOS9.2.sdk/usr/include -L/Applications/Xcode.app/Contents/Developer/Platforms/iPhoneOS.platform/Developer/SDKs/iPhoneOS9.2.sdk/usr/lib -lc++ -std=c11 -std=c11 -std=c++14 -lpthread -lc++  CMakeFiles/cmTC_99b18.dir/src.c.o  -o cmTC_99b18  
ld: warning: ignoring file /Applications/Xcode.app/Contents/Developer/Platforms/iPhoneOS.platform/Developer/SDKs/iPhoneOS9.2.sdk/usr/lib/libc++.tbd, missing required architecture armv6 in file /Applications/Xcode.app/Contents/Developer/Platforms/iPhoneOS.platform/Developer/SDKs/iPhoneOS9.2.sdk/usr/lib/libc++.tbd
ld: file is universal (2 slices) but does not contain a(n) armv6 slice: /Applications/Xcode.app/Contents/Developer/Platforms/iPhoneOS.platform/Developer/SDKs/iPhoneOS9.2.sdk/usr/lib/crt1.3.1.o file '/Applications/Xcode.app/Contents/Developer/Platforms/iPhoneOS.platform/Developer/SDKs/iPhoneOS9.2.sdk/usr/lib/crt1.3.1.o' for architecture armv6
clang: error: linker command failed with exit code 1 (use -v to see invocation)
make[1]: *** [cmTC_99b18] Error 1
make: *** [cmTC_99b18/fast] Error 2

Source file was:
int main(void) { return 0; }
Performing C SOURCE FILE Test IS_WNO-MISSING-FIELD-INITIALIZERS_SUPPORTED failed with the following output:
Change Dir: /Users/Eonil/Temp/a1/libgit2-make-ios/bin/CMakeFiles/CMakeTmp

Run Build Command:"/usr/bin/make" "cmTC_56483/fast"
/Applications/Xcode.app/Contents/Developer/usr/bin/make -f CMakeFiles/cmTC_56483.dir/build.make CMakeFiles/cmTC_56483.dir/build
Building C object CMakeFiles/cmTC_56483.dir/src.c.o
/Applications/Xcode.app/Contents/Developer/Toolchains/XcodeDefault.xctoolchain/usr/bin/cc    -D_GNU_SOURCE -Wall -Wextra -arch armv6 -isysroot "/Applications/Xcode.app/Contents/Developer/Platforms/iPhoneOS.platform/Developer/SDKs/iPhoneOS9.2.sdk" -miphoneos-version-min=4.0 -I/Applications/Xcode.app/Contents/Developer/Platforms/iPhoneOS.platform/Developer/SDKs/iPhoneOS9.2.sdk/usr/include -L/Applications/Xcode.app/Contents/Developer/Platforms/iPhoneOS.platform/Developer/SDKs/iPhoneOS9.2.sdk/usr/lib -lc++ -std=c11  -DIS_WNO-MISSING-FIELD-INITIALIZERS_SUPPORTED -isysroot /Applications/Xcode.app/Contents/Developer/Platforms/MacOSX.platform/Developer/SDKs/MacOSX10.11.sdk   -Wno-missing-field-initializers -o CMakeFiles/cmTC_56483.dir/src.c.o   -c /Users/Eonil/Temp/a1/libgit2-make-ios/bin/CMakeFiles/CMakeTmp/src.c
clang: warning: -lc++: 'linker' input unused
clang: warning: argument unused during compilation: '-L/Applications/Xcode.app/Contents/Developer/Platforms/iPhoneOS.platform/Developer/SDKs/iPhoneOS9.2.sdk/usr/lib'
In file included from <built-in>:326:
<command line>:2:15: warning: ISO C99 requires whitespace after the macro name [-Wc99-extensions]
#define IS_WNO-MISSING-FIELD-INITIALIZERS_SUPPORTED 1
              ^
1 warning generated.
Linking C executable cmTC_56483
/Users/Eonil/Unix/homebrew/Cellar/cmake/3.4.0/bin/cmake -E cmake_link_script CMakeFiles/cmTC_56483.dir/link.txt --verbose=1
/Applications/Xcode.app/Contents/Developer/Toolchains/XcodeDefault.xctoolchain/usr/bin/cc  -D_GNU_SOURCE -Wall -Wextra -arch armv6 -isysroot "/Applications/Xcode.app/Contents/Developer/Platforms/iPhoneOS.platform/Developer/SDKs/iPhoneOS9.2.sdk" -miphoneos-version-min=4.0 -I/Applications/Xcode.app/Contents/Developer/Platforms/iPhoneOS.platform/Developer/SDKs/iPhoneOS9.2.sdk/usr/include -L/Applications/Xcode.app/Contents/Developer/Platforms/iPhoneOS.platform/Developer/SDKs/iPhoneOS9.2.sdk/usr/lib -lc++ -std=c11  -DIS_WNO-MISSING-FIELD-INITIALIZERS_SUPPORTED -isysroot /Applications/Xcode.app/Contents/Developer/Platforms/MacOSX.platform/Developer/SDKs/MacOSX10.11.sdk -Wl,-headerpad_max_install_names  -arch armv6 -isysroot "/Applications/Xcode.app/Contents/Developer/Platforms/iPhoneOS.platform/Developer/SDKs/iPhoneOS9.2.sdk" -miphoneos-version-min=4.0 -I/Applications/Xcode.app/Contents/Developer/Platforms/iPhoneOS.platform/Developer/SDKs/iPhoneOS9.2.sdk/usr/include -L/Applications/Xcode.app/Contents/Developer/Platforms/iPhoneOS.platform/Developer/SDKs/iPhoneOS9.2.sdk/usr/lib -lc++ -std=c11 -std=c11 -std=c++14 -lpthread -lc++  CMakeFiles/cmTC_56483.dir/src.c.o  -o cmTC_56483  
ld: warning: ignoring file /Applications/Xcode.app/Contents/Developer/Platforms/iPhoneOS.platform/Developer/SDKs/iPhoneOS9.2.sdk/usr/lib/libc++.tbd, missing required architecture armv6 in file /Applications/Xcode.app/Contents/Developer/Platforms/iPhoneOS.platform/Developer/SDKs/iPhoneOS9.2.sdk/usr/lib/libc++.tbd
ld: file is universal (2 slices) but does not contain a(n) armv6 slice: /Applications/Xcode.app/Contents/Developer/Platforms/iPhoneOS.platform/Developer/SDKs/iPhoneOS9.2.sdk/usr/lib/crt1.3.1.o file '/Applications/Xcode.app/Contents/Developer/Platforms/iPhoneOS.platform/Developer/SDKs/iPhoneOS9.2.sdk/usr/lib/crt1.3.1.o' for architecture armv6
clang: error: linker command failed with exit code 1 (use -v to see invocation)
make[1]: *** [cmTC_56483] Error 1
make: *** [cmTC_56483/fast] Error 2

Source file was:
int main(void) { return 0; }
Performing C SOURCE FILE Test IS_WSTRICT-ALIASING=2_SUPPORTED failed with the following output:
Change Dir: /Users/Eonil/Temp/a1/libgit2-make-ios/bin/CMakeFiles/CMakeTmp

Run Build Command:"/usr/bin/make" "cmTC_af3eb/fast"
/Applications/Xcode.app/Contents/Developer/usr/bin/make -f CMakeFiles/cmTC_af3eb.dir/build.make CMakeFiles/cmTC_af3eb.dir/build
Building C object CMakeFiles/cmTC_af3eb.dir/src.c.o
/Applications/Xcode.app/Contents/Developer/Toolchains/XcodeDefault.xctoolchain/usr/bin/cc    -D_GNU_SOURCE -Wall -Wextra -arch armv6 -isysroot "/Applications/Xcode.app/Contents/Developer/Platforms/iPhoneOS.platform/Developer/SDKs/iPhoneOS9.2.sdk" -miphoneos-version-min=4.0 -I/Applications/Xcode.app/Contents/Developer/Platforms/iPhoneOS.platform/Developer/SDKs/iPhoneOS9.2.sdk/usr/include -L/Applications/Xcode.app/Contents/Developer/Platforms/iPhoneOS.platform/Developer/SDKs/iPhoneOS9.2.sdk/usr/lib -lc++ -std=c11  -DIS_WSTRICT-ALIASING=2_SUPPORTED -isysroot /Applications/Xcode.app/Contents/Developer/Platforms/MacOSX.platform/Developer/SDKs/MacOSX10.11.sdk   -Wstrict-aliasing=2 -o CMakeFiles/cmTC_af3eb.dir/src.c.o   -c /Users/Eonil/Temp/a1/libgit2-make-ios/bin/CMakeFiles/CMakeTmp/src.c
clang: warning: -lc++: 'linker' input unused
clang: warning: argument unused during compilation: '-L/Applications/Xcode.app/Contents/Developer/Platforms/iPhoneOS.platform/Developer/SDKs/iPhoneOS9.2.sdk/usr/lib'
In file included from <built-in>:326:
<command line>:2:19: warning: ISO C99 requires whitespace after the macro name [-Wc99-extensions]
#define IS_WSTRICT-ALIASING 2_SUPPORTED
                  ^
1 warning generated.
Linking C executable cmTC_af3eb
/Users/Eonil/Unix/homebrew/Cellar/cmake/3.4.0/bin/cmake -E cmake_link_script CMakeFiles/cmTC_af3eb.dir/link.txt --verbose=1
/Applications/Xcode.app/Contents/Developer/Toolchains/XcodeDefault.xctoolchain/usr/bin/cc  -D_GNU_SOURCE -Wall -Wextra -arch armv6 -isysroot "/Applications/Xcode.app/Contents/Developer/Platforms/iPhoneOS.platform/Developer/SDKs/iPhoneOS9.2.sdk" -miphoneos-version-min=4.0 -I/Applications/Xcode.app/Contents/Developer/Platforms/iPhoneOS.platform/Developer/SDKs/iPhoneOS9.2.sdk/usr/include -L/Applications/Xcode.app/Contents/Developer/Platforms/iPhoneOS.platform/Developer/SDKs/iPhoneOS9.2.sdk/usr/lib -lc++ -std=c11  -DIS_WSTRICT-ALIASING=2_SUPPORTED -isysroot /Applications/Xcode.app/Contents/Developer/Platforms/MacOSX.platform/Developer/SDKs/MacOSX10.11.sdk -Wl,-headerpad_max_install_names  -arch armv6 -isysroot "/Applications/Xcode.app/Contents/Developer/Platforms/iPhoneOS.platform/Developer/SDKs/iPhoneOS9.2.sdk" -miphoneos-version-min=4.0 -I/Applications/Xcode.app/Contents/Developer/Platforms/iPhoneOS.platform/Developer/SDKs/iPhoneOS9.2.sdk/usr/include -L/Applications/Xcode.app/Contents/Developer/Platforms/iPhoneOS.platform/Developer/SDKs/iPhoneOS9.2.sdk/usr/lib -lc++ -std=c11 -std=c11 -std=c++14 -lpthread -lc++  CMakeFiles/cmTC_af3eb.dir/src.c.o  -o cmTC_af3eb  
ld: warning: ignoring file /Applications/Xcode.app/Contents/Developer/Platforms/iPhoneOS.platform/Developer/SDKs/iPhoneOS9.2.sdk/usr/lib/libc++.tbd, missing required architecture armv6 in file /Applications/Xcode.app/Contents/Developer/Platforms/iPhoneOS.platform/Developer/SDKs/iPhoneOS9.2.sdk/usr/lib/libc++.tbd
ld: file is universal (2 slices) but does not contain a(n) armv6 slice: /Applications/Xcode.app/Contents/Developer/Platforms/iPhoneOS.platform/Developer/SDKs/iPhoneOS9.2.sdk/usr/lib/crt1.3.1.o file '/Applications/Xcode.app/Contents/Developer/Platforms/iPhoneOS.platform/Developer/SDKs/iPhoneOS9.2.sdk/usr/lib/crt1.3.1.o' for architecture armv6
clang: error: linker command failed with exit code 1 (use -v to see invocation)
make[1]: *** [cmTC_af3eb] Error 1
make: *** [cmTC_af3eb/fast] Error 2

Source file was:
int main(void) { return 0; }
Performing C SOURCE FILE Test IS_WSTRICT-PROTOTYPES_SUPPORTED failed with the following output:
Change Dir: /Users/Eonil/Temp/a1/libgit2-make-ios/bin/CMakeFiles/CMakeTmp

Run Build Command:"/usr/bin/make" "cmTC_47eaa/fast"
/Applications/Xcode.app/Contents/Developer/usr/bin/make -f CMakeFiles/cmTC_47eaa.dir/build.make CMakeFiles/cmTC_47eaa.dir/build
Building C object CMakeFiles/cmTC_47eaa.dir/src.c.o
/Applications/Xcode.app/Contents/Developer/Toolchains/XcodeDefault.xctoolchain/usr/bin/cc    -D_GNU_SOURCE -Wall -Wextra -arch armv6 -isysroot "/Applications/Xcode.app/Contents/Developer/Platforms/iPhoneOS.platform/Developer/SDKs/iPhoneOS9.2.sdk" -miphoneos-version-min=4.0 -I/Applications/Xcode.app/Contents/Developer/Platforms/iPhoneOS.platform/Developer/SDKs/iPhoneOS9.2.sdk/usr/include -L/Applications/Xcode.app/Contents/Developer/Platforms/iPhoneOS.platform/Developer/SDKs/iPhoneOS9.2.sdk/usr/lib -lc++ -std=c11  -DIS_WSTRICT-PROTOTYPES_SUPPORTED -isysroot /Applications/Xcode.app/Contents/Developer/Platforms/MacOSX.platform/Developer/SDKs/MacOSX10.11.sdk   -Wstrict-prototypes -o CMakeFiles/cmTC_47eaa.dir/src.c.o   -c /Users/Eonil/Temp/a1/libgit2-make-ios/bin/CMakeFiles/CMakeTmp/src.c
clang: warning: -lc++: 'linker' input unused
clang: warning: argument unused during compilation: '-L/Applications/Xcode.app/Contents/Developer/Platforms/iPhoneOS.platform/Developer/SDKs/iPhoneOS9.2.sdk/usr/lib'
In file included from <built-in>:326:
<command line>:2:19: warning: ISO C99 requires whitespace after the macro name [-Wc99-extensions]
#define IS_WSTRICT-PROTOTYPES_SUPPORTED 1
                  ^
1 warning generated.
Linking C executable cmTC_47eaa
/Users/Eonil/Unix/homebrew/Cellar/cmake/3.4.0/bin/cmake -E cmake_link_script CMakeFiles/cmTC_47eaa.dir/link.txt --verbose=1
/Applications/Xcode.app/Contents/Developer/Toolchains/XcodeDefault.xctoolchain/usr/bin/cc  -D_GNU_SOURCE -Wall -Wextra -arch armv6 -isysroot "/Applications/Xcode.app/Contents/Developer/Platforms/iPhoneOS.platform/Developer/SDKs/iPhoneOS9.2.sdk" -miphoneos-version-min=4.0 -I/Applications/Xcode.app/Contents/Developer/Platforms/iPhoneOS.platform/Developer/SDKs/iPhoneOS9.2.sdk/usr/include -L/Applications/Xcode.app/Contents/Developer/Platforms/iPhoneOS.platform/Developer/SDKs/iPhoneOS9.2.sdk/usr/lib -lc++ -std=c11  -DIS_WSTRICT-PROTOTYPES_SUPPORTED -isysroot /Applications/Xcode.app/Contents/Developer/Platforms/MacOSX.platform/Developer/SDKs/MacOSX10.11.sdk -Wl,-headerpad_max_install_names  -arch armv6 -isysroot "/Applications/Xcode.app/Contents/Developer/Platforms/iPhoneOS.platform/Developer/SDKs/iPhoneOS9.2.sdk" -miphoneos-version-min=4.0 -I/Applications/Xcode.app/Contents/Developer/Platforms/iPhoneOS.platform/Developer/SDKs/iPhoneOS9.2.sdk/usr/include -L/Applications/Xcode.app/Contents/Developer/Platforms/iPhoneOS.platform/Developer/SDKs/iPhoneOS9.2.sdk/usr/lib -lc++ -std=c11 -std=c11 -std=c++14 -lpthread -lc++  CMakeFiles/cmTC_47eaa.dir/src.c.o  -o cmTC_47eaa  
ld: warning: ignoring file /Applications/Xcode.app/Contents/Developer/Platforms/iPhoneOS.platform/Developer/SDKs/iPhoneOS9.2.sdk/usr/lib/libc++.tbd, missing required architecture armv6 in file /Applications/Xcode.app/Contents/Developer/Platforms/iPhoneOS.platform/Developer/SDKs/iPhoneOS9.2.sdk/usr/lib/libc++.tbd
ld: file is universal (2 slices) but does not contain a(n) armv6 slice: /Applications/Xcode.app/Contents/Developer/Platforms/iPhoneOS.platform/Developer/SDKs/iPhoneOS9.2.sdk/usr/lib/crt1.3.1.o file '/Applications/Xcode.app/Contents/Developer/Platforms/iPhoneOS.platform/Developer/SDKs/iPhoneOS9.2.sdk/usr/lib/crt1.3.1.o' for architecture armv6
clang: error: linker command failed with exit code 1 (use -v to see invocation)
make[1]: *** [cmTC_47eaa] Error 1
make: *** [cmTC_47eaa/fast] Error 2

Source file was:
int main(void) { return 0; }
Performing C SOURCE FILE Test IS_WDECLARATION-AFTER-STATEMENT_SUPPORTED failed with the following output:
Change Dir: /Users/Eonil/Temp/a1/libgit2-make-ios/bin/CMakeFiles/CMakeTmp

Run Build Command:"/usr/bin/make" "cmTC_5a718/fast"
/Applications/Xcode.app/Contents/Developer/usr/bin/make -f CMakeFiles/cmTC_5a718.dir/build.make CMakeFiles/cmTC_5a718.dir/build
Building C object CMakeFiles/cmTC_5a718.dir/src.c.o
/Applications/Xcode.app/Contents/Developer/Toolchains/XcodeDefault.xctoolchain/usr/bin/cc    -D_GNU_SOURCE -Wall -Wextra -arch armv6 -isysroot "/Applications/Xcode.app/Contents/Developer/Platforms/iPhoneOS.platform/Developer/SDKs/iPhoneOS9.2.sdk" -miphoneos-version-min=4.0 -I/Applications/Xcode.app/Contents/Developer/Platforms/iPhoneOS.platform/Developer/SDKs/iPhoneOS9.2.sdk/usr/include -L/Applications/Xcode.app/Contents/Developer/Platforms/iPhoneOS.platform/Developer/SDKs/iPhoneOS9.2.sdk/usr/lib -lc++ -std=c11  -DIS_WDECLARATION-AFTER-STATEMENT_SUPPORTED -isysroot /Applications/Xcode.app/Contents/Developer/Platforms/MacOSX.platform/Developer/SDKs/MacOSX10.11.sdk   -Wdeclaration-after-statement -o CMakeFiles/cmTC_5a718.dir/src.c.o   -c /Users/Eonil/Temp/a1/libgit2-make-ios/bin/CMakeFiles/CMakeTmp/src.c
clang: warning: -lc++: 'linker' input unused
clang: warning: argument unused during compilation: '-L/Applications/Xcode.app/Contents/Developer/Platforms/iPhoneOS.platform/Developer/SDKs/iPhoneOS9.2.sdk/usr/lib'
In file included from <built-in>:326:
<command line>:2:24: warning: ISO C99 requires whitespace after the macro name [-Wc99-extensions]
#define IS_WDECLARATION-AFTER-STATEMENT_SUPPORTED 1
                       ^
1 warning generated.
Linking C executable cmTC_5a718
/Users/Eonil/Unix/homebrew/Cellar/cmake/3.4.0/bin/cmake -E cmake_link_script CMakeFiles/cmTC_5a718.dir/link.txt --verbose=1
/Applications/Xcode.app/Contents/Developer/Toolchains/XcodeDefault.xctoolchain/usr/bin/cc  -D_GNU_SOURCE -Wall -Wextra -arch armv6 -isysroot "/Applications/Xcode.app/Contents/Developer/Platforms/iPhoneOS.platform/Developer/SDKs/iPhoneOS9.2.sdk" -miphoneos-version-min=4.0 -I/Applications/Xcode.app/Contents/Developer/Platforms/iPhoneOS.platform/Developer/SDKs/iPhoneOS9.2.sdk/usr/include -L/Applications/Xcode.app/Contents/Developer/Platforms/iPhoneOS.platform/Developer/SDKs/iPhoneOS9.2.sdk/usr/lib -lc++ -std=c11  -DIS_WDECLARATION-AFTER-STATEMENT_SUPPORTED -isysroot /Applications/Xcode.app/Contents/Developer/Platforms/MacOSX.platform/Developer/SDKs/MacOSX10.11.sdk -Wl,-headerpad_max_install_names  -arch armv6 -isysroot "/Applications/Xcode.app/Contents/Developer/Platforms/iPhoneOS.platform/Developer/SDKs/iPhoneOS9.2.sdk" -miphoneos-version-min=4.0 -I/Applications/Xcode.app/Contents/Developer/Platforms/iPhoneOS.platform/Developer/SDKs/iPhoneOS9.2.sdk/usr/include -L/Applications/Xcode.app/Contents/Developer/Platforms/iPhoneOS.platform/Developer/SDKs/iPhoneOS9.2.sdk/usr/lib -lc++ -std=c11 -std=c11 -std=c++14 -lpthread -lc++  CMakeFiles/cmTC_5a718.dir/src.c.o  -o cmTC_5a718  
ld: warning: ignoring file /Applications/Xcode.app/Contents/Developer/Platforms/iPhoneOS.platform/Developer/SDKs/iPhoneOS9.2.sdk/usr/lib/libc++.tbd, missing required architecture armv6 in file /Applications/Xcode.app/Contents/Developer/Platforms/iPhoneOS.platform/Developer/SDKs/iPhoneOS9.2.sdk/usr/lib/libc++.tbd
ld: file is universal (2 slices) but does not contain a(n) armv6 slice: /Applications/Xcode.app/Contents/Developer/Platforms/iPhoneOS.platform/Developer/SDKs/iPhoneOS9.2.sdk/usr/lib/crt1.3.1.o file '/Applications/Xcode.app/Contents/Developer/Platforms/iPhoneOS.platform/Developer/SDKs/iPhoneOS9.2.sdk/usr/lib/crt1.3.1.o' for architecture armv6
clang: error: linker command failed with exit code 1 (use -v to see invocation)
make[1]: *** [cmTC_5a718] Error 1
make: *** [cmTC_5a718/fast] Error 2

Source file was:
int main(void) { return 0; }
Performing C SOURCE FILE Test IS_WNO-UNUSED-CONST-VARIABLE_SUPPORTED failed with the following output:
Change Dir: /Users/Eonil/Temp/a1/libgit2-make-ios/bin/CMakeFiles/CMakeTmp

Run Build Command:"/usr/bin/make" "cmTC_3a82a/fast"
/Applications/Xcode.app/Contents/Developer/usr/bin/make -f CMakeFiles/cmTC_3a82a.dir/build.make CMakeFiles/cmTC_3a82a.dir/build
Building C object CMakeFiles/cmTC_3a82a.dir/src.c.o
/Applications/Xcode.app/Contents/Developer/Toolchains/XcodeDefault.xctoolchain/usr/bin/cc    -D_GNU_SOURCE -Wall -Wextra -arch armv6 -isysroot "/Applications/Xcode.app/Contents/Developer/Platforms/iPhoneOS.platform/Developer/SDKs/iPhoneOS9.2.sdk" -miphoneos-version-min=4.0 -I/Applications/Xcode.app/Contents/Developer/Platforms/iPhoneOS.platform/Developer/SDKs/iPhoneOS9.2.sdk/usr/include -L/Applications/Xcode.app/Contents/Developer/Platforms/iPhoneOS.platform/Developer/SDKs/iPhoneOS9.2.sdk/usr/lib -lc++ -std=c11  -DIS_WNO-UNUSED-CONST-VARIABLE_SUPPORTED -isysroot /Applications/Xcode.app/Contents/Developer/Platforms/MacOSX.platform/Developer/SDKs/MacOSX10.11.sdk   -Wno-unused-const-variable -o CMakeFiles/cmTC_3a82a.dir/src.c.o   -c /Users/Eonil/Temp/a1/libgit2-make-ios/bin/CMakeFiles/CMakeTmp/src.c
clang: warning: -lc++: 'linker' input unused
clang: warning: argument unused during compilation: '-L/Applications/Xcode.app/Contents/Developer/Platforms/iPhoneOS.platform/Developer/SDKs/iPhoneOS9.2.sdk/usr/lib'
In file included from <built-in>:326:
<command line>:2:15: warning: ISO C99 requires whitespace after the macro name [-Wc99-extensions]
#define IS_WNO-UNUSED-CONST-VARIABLE_SUPPORTED 1
              ^
1 warning generated.
Linking C executable cmTC_3a82a
/Users/Eonil/Unix/homebrew/Cellar/cmake/3.4.0/bin/cmake -E cmake_link_script CMakeFiles/cmTC_3a82a.dir/link.txt --verbose=1
/Applications/Xcode.app/Contents/Developer/Toolchains/XcodeDefault.xctoolchain/usr/bin/cc  -D_GNU_SOURCE -Wall -Wextra -arch armv6 -isysroot "/Applications/Xcode.app/Contents/Developer/Platforms/iPhoneOS.platform/Developer/SDKs/iPhoneOS9.2.sdk" -miphoneos-version-min=4.0 -I/Applications/Xcode.app/Contents/Developer/Platforms/iPhoneOS.platform/Developer/SDKs/iPhoneOS9.2.sdk/usr/include -L/Applications/Xcode.app/Contents/Developer/Platforms/iPhoneOS.platform/Developer/SDKs/iPhoneOS9.2.sdk/usr/lib -lc++ -std=c11  -DIS_WNO-UNUSED-CONST-VARIABLE_SUPPORTED -isysroot /Applications/Xcode.app/Contents/Developer/Platforms/MacOSX.platform/Developer/SDKs/MacOSX10.11.sdk -Wl,-headerpad_max_install_names  -arch armv6 -isysroot "/Applications/Xcode.app/Contents/Developer/Platforms/iPhoneOS.platform/Developer/SDKs/iPhoneOS9.2.sdk" -miphoneos-version-min=4.0 -I/Applications/Xcode.app/Contents/Developer/Platforms/iPhoneOS.platform/Developer/SDKs/iPhoneOS9.2.sdk/usr/include -L/Applications/Xcode.app/Contents/Developer/Platforms/iPhoneOS.platform/Developer/SDKs/iPhoneOS9.2.sdk/usr/lib -lc++ -std=c11 -std=c11 -std=c++14 -lpthread -lc++  CMakeFiles/cmTC_3a82a.dir/src.c.o  -o cmTC_3a82a  
ld: warning: ignoring file /Applications/Xcode.app/Contents/Developer/Platforms/iPhoneOS.platform/Developer/SDKs/iPhoneOS9.2.sdk/usr/lib/libc++.tbd, missing required architecture armv6 in file /Applications/Xcode.app/Contents/Developer/Platforms/iPhoneOS.platform/Developer/SDKs/iPhoneOS9.2.sdk/usr/lib/libc++.tbd
ld: file is universal (2 slices) but does not contain a(n) armv6 slice: /Applications/Xcode.app/Contents/Developer/Platforms/iPhoneOS.platform/Developer/SDKs/iPhoneOS9.2.sdk/usr/lib/crt1.3.1.o file '/Applications/Xcode.app/Contents/Developer/Platforms/iPhoneOS.platform/Developer/SDKs/iPhoneOS9.2.sdk/usr/lib/crt1.3.1.o' for architecture armv6
clang: error: linker command failed with exit code 1 (use -v to see invocation)
make[1]: *** [cmTC_3a82a] Error 1
make: *** [cmTC_3a82a/fast] Error 2

Source file was:
int main(void) { return 0; }
Performing C SOURCE FILE Test IS_WNO-UNUSED-FUNCTION_SUPPORTED failed with the following output:
Change Dir: /Users/Eonil/Temp/a1/libgit2-make-ios/bin/CMakeFiles/CMakeTmp

Run Build Command:"/usr/bin/make" "cmTC_7f278/fast"
/Applications/Xcode.app/Contents/Developer/usr/bin/make -f CMakeFiles/cmTC_7f278.dir/build.make CMakeFiles/cmTC_7f278.dir/build
Building C object CMakeFiles/cmTC_7f278.dir/src.c.o
/Applications/Xcode.app/Contents/Developer/Toolchains/XcodeDefault.xctoolchain/usr/bin/cc    -D_GNU_SOURCE -Wall -Wextra -arch armv6 -isysroot "/Applications/Xcode.app/Contents/Developer/Platforms/iPhoneOS.platform/Developer/SDKs/iPhoneOS9.2.sdk" -miphoneos-version-min=4.0 -I/Applications/Xcode.app/Contents/Developer/Platforms/iPhoneOS.platform/Developer/SDKs/iPhoneOS9.2.sdk/usr/include -L/Applications/Xcode.app/Contents/Developer/Platforms/iPhoneOS.platform/Developer/SDKs/iPhoneOS9.2.sdk/usr/lib -lc++ -std=c11  -DIS_WNO-UNUSED-FUNCTION_SUPPORTED -isysroot /Applications/Xcode.app/Contents/Developer/Platforms/MacOSX.platform/Developer/SDKs/MacOSX10.11.sdk   -Wno-unused-function -o CMakeFiles/cmTC_7f278.dir/src.c.o   -c /Users/Eonil/Temp/a1/libgit2-make-ios/bin/CMakeFiles/CMakeTmp/src.c
clang: warning: -lc++: 'linker' input unused
clang: warning: argument unused during compilation: '-L/Applications/Xcode.app/Contents/Developer/Platforms/iPhoneOS.platform/Developer/SDKs/iPhoneOS9.2.sdk/usr/lib'
In file included from <built-in>:326:
<command line>:2:15: warning: ISO C99 requires whitespace after the macro name [-Wc99-extensions]
#define IS_WNO-UNUSED-FUNCTION_SUPPORTED 1
              ^
1 warning generated.
Linking C executable cmTC_7f278
/Users/Eonil/Unix/homebrew/Cellar/cmake/3.4.0/bin/cmake -E cmake_link_script CMakeFiles/cmTC_7f278.dir/link.txt --verbose=1
/Applications/Xcode.app/Contents/Developer/Toolchains/XcodeDefault.xctoolchain/usr/bin/cc  -D_GNU_SOURCE -Wall -Wextra -arch armv6 -isysroot "/Applications/Xcode.app/Contents/Developer/Platforms/iPhoneOS.platform/Developer/SDKs/iPhoneOS9.2.sdk" -miphoneos-version-min=4.0 -I/Applications/Xcode.app/Contents/Developer/Platforms/iPhoneOS.platform/Developer/SDKs/iPhoneOS9.2.sdk/usr/include -L/Applications/Xcode.app/Contents/Developer/Platforms/iPhoneOS.platform/Developer/SDKs/iPhoneOS9.2.sdk/usr/lib -lc++ -std=c11  -DIS_WNO-UNUSED-FUNCTION_SUPPORTED -isysroot /Applications/Xcode.app/Contents/Developer/Platforms/MacOSX.platform/Developer/SDKs/MacOSX10.11.sdk -Wl,-headerpad_max_install_names  -arch armv6 -isysroot "/Applications/Xcode.app/Contents/Developer/Platforms/iPhoneOS.platform/Developer/SDKs/iPhoneOS9.2.sdk" -miphoneos-version-min=4.0 -I/Applications/Xcode.app/Contents/Developer/Platforms/iPhoneOS.platform/Developer/SDKs/iPhoneOS9.2.sdk/usr/include -L/Applications/Xcode.app/Contents/Developer/Platforms/iPhoneOS.platform/Developer/SDKs/iPhoneOS9.2.sdk/usr/lib -lc++ -std=c11 -std=c11 -std=c++14 -lpthread -lc++  CMakeFiles/cmTC_7f278.dir/src.c.o  -o cmTC_7f278  
ld: warning: ignoring file /Applications/Xcode.app/Contents/Developer/Platforms/iPhoneOS.platform/Developer/SDKs/iPhoneOS9.2.sdk/usr/lib/libc++.tbd, missing required architecture armv6 in file /Applications/Xcode.app/Contents/Developer/Platforms/iPhoneOS.platform/Developer/SDKs/iPhoneOS9.2.sdk/usr/lib/libc++.tbd
ld: file is universal (2 slices) but does not contain a(n) armv6 slice: /Applications/Xcode.app/Contents/Developer/Platforms/iPhoneOS.platform/Developer/SDKs/iPhoneOS9.2.sdk/usr/lib/crt1.3.1.o file '/Applications/Xcode.app/Contents/Developer/Platforms/iPhoneOS.platform/Developer/SDKs/iPhoneOS9.2.sdk/usr/lib/crt1.3.1.o' for architecture armv6
clang: error: linker command failed with exit code 1 (use -v to see invocation)
make[1]: *** [cmTC_7f278] Error 1
make: *** [cmTC_7f278/fast] Error 2

Source file was:
int main(void) { return 0; }
Performing C SOURCE FILE Test IS_WNO-DEPRECATED-DECLARATIONS_SUPPORTED failed with the following output:
Change Dir: /Users/Eonil/Temp/a1/libgit2-make-ios/bin/CMakeFiles/CMakeTmp

Run Build Command:"/usr/bin/make" "cmTC_d9333/fast"
/Applications/Xcode.app/Contents/Developer/usr/bin/make -f CMakeFiles/cmTC_d9333.dir/build.make CMakeFiles/cmTC_d9333.dir/build
Building C object CMakeFiles/cmTC_d9333.dir/src.c.o
/Applications/Xcode.app/Contents/Developer/Toolchains/XcodeDefault.xctoolchain/usr/bin/cc    -D_GNU_SOURCE -Wall -Wextra -arch armv6 -isysroot "/Applications/Xcode.app/Contents/Developer/Platforms/iPhoneOS.platform/Developer/SDKs/iPhoneOS9.2.sdk" -miphoneos-version-min=4.0 -I/Applications/Xcode.app/Contents/Developer/Platforms/iPhoneOS.platform/Developer/SDKs/iPhoneOS9.2.sdk/usr/include -L/Applications/Xcode.app/Contents/Developer/Platforms/iPhoneOS.platform/Developer/SDKs/iPhoneOS9.2.sdk/usr/lib -lc++ -std=c11  -DIS_WNO-DEPRECATED-DECLARATIONS_SUPPORTED -isysroot /Applications/Xcode.app/Contents/Developer/Platforms/MacOSX.platform/Developer/SDKs/MacOSX10.11.sdk   -Wno-deprecated-declarations -o CMakeFiles/cmTC_d9333.dir/src.c.o   -c /Users/Eonil/Temp/a1/libgit2-make-ios/bin/CMakeFiles/CMakeTmp/src.c
clang: warning: -lc++: 'linker' input unused
clang: warning: argument unused during compilation: '-L/Applications/Xcode.app/Contents/Developer/Platforms/iPhoneOS.platform/Developer/SDKs/iPhoneOS9.2.sdk/usr/lib'
In file included from <built-in>:326:
<command line>:2:15: warning: ISO C99 requires whitespace after the macro name [-Wc99-extensions]
#define IS_WNO-DEPRECATED-DECLARATIONS_SUPPORTED 1
              ^
1 warning generated.
Linking C executable cmTC_d9333
/Users/Eonil/Unix/homebrew/Cellar/cmake/3.4.0/bin/cmake -E cmake_link_script CMakeFiles/cmTC_d9333.dir/link.txt --verbose=1
/Applications/Xcode.app/Contents/Developer/Toolchains/XcodeDefault.xctoolchain/usr/bin/cc  -D_GNU_SOURCE -Wall -Wextra -arch armv6 -isysroot "/Applications/Xcode.app/Contents/Developer/Platforms/iPhoneOS.platform/Developer/SDKs/iPhoneOS9.2.sdk" -miphoneos-version-min=4.0 -I/Applications/Xcode.app/Contents/Developer/Platforms/iPhoneOS.platform/Developer/SDKs/iPhoneOS9.2.sdk/usr/include -L/Applications/Xcode.app/Contents/Developer/Platforms/iPhoneOS.platform/Developer/SDKs/iPhoneOS9.2.sdk/usr/lib -lc++ -std=c11  -DIS_WNO-DEPRECATED-DECLARATIONS_SUPPORTED -isysroot /Applications/Xcode.app/Contents/Developer/Platforms/MacOSX.platform/Developer/SDKs/MacOSX10.11.sdk -Wl,-headerpad_max_install_names  -arch armv6 -isysroot "/Applications/Xcode.app/Contents/Developer/Platforms/iPhoneOS.platform/Developer/SDKs/iPhoneOS9.2.sdk" -miphoneos-version-min=4.0 -I/Applications/Xcode.app/Contents/Developer/Platforms/iPhoneOS.platform/Developer/SDKs/iPhoneOS9.2.sdk/usr/include -L/Applications/Xcode.app/Contents/Developer/Platforms/iPhoneOS.platform/Developer/SDKs/iPhoneOS9.2.sdk/usr/lib -lc++ -std=c11 -std=c11 -std=c++14 -lpthread -lc++  CMakeFiles/cmTC_d9333.dir/src.c.o  -o cmTC_d9333  
ld: warning: ignoring file /Applications/Xcode.app/Contents/Developer/Platforms/iPhoneOS.platform/Developer/SDKs/iPhoneOS9.2.sdk/usr/lib/libc++.tbd, missing required architecture armv6 in file /Applications/Xcode.app/Contents/Developer/Platforms/iPhoneOS.platform/Developer/SDKs/iPhoneOS9.2.sdk/usr/lib/libc++.tbd
ld: file is universal (2 slices) but does not contain a(n) armv6 slice: /Applications/Xcode.app/Contents/Developer/Platforms/iPhoneOS.platform/Developer/SDKs/iPhoneOS9.2.sdk/usr/lib/crt1.3.1.o file '/Applications/Xcode.app/Contents/Developer/Platforms/iPhoneOS.platform/Developer/SDKs/iPhoneOS9.2.sdk/usr/lib/crt1.3.1.o' for architecture armv6
clang: error: linker command failed with exit code 1 (use -v to see invocation)
make[1]: *** [cmTC_d9333] Error 1
make: *** [cmTC_d9333/fast] Error 2

Source file was:
int main(void) { return 0; }
Determining if the function futimens exists failed with the following output:
Change Dir: /Users/Eonil/Temp/a1/libgit2-make-ios/bin/CMakeFiles/CMakeTmp

Run Build Command:"/usr/bin/make" "cmTC_17319/fast"
/Applications/Xcode.app/Contents/Developer/usr/bin/make -f CMakeFiles/cmTC_17319.dir/build.make CMakeFiles/cmTC_17319.dir/build
Building C object CMakeFiles/cmTC_17319.dir/CheckFunctionExists.c.o
/Applications/Xcode.app/Contents/Developer/Toolchains/XcodeDefault.xctoolchain/usr/bin/cc    -D_GNU_SOURCE -Wall -Wextra -arch armv6 -isysroot "/Applications/Xcode.app/Contents/Developer/Platforms/iPhoneOS.platform/Developer/SDKs/iPhoneOS9.2.sdk" -miphoneos-version-min=4.0 -I/Applications/Xcode.app/Contents/Developer/Platforms/iPhoneOS.platform/Developer/SDKs/iPhoneOS9.2.sdk/usr/include -L/Applications/Xcode.app/Contents/Developer/Platforms/iPhoneOS.platform/Developer/SDKs/iPhoneOS9.2.sdk/usr/lib -lc++ -std=c11  -DCHECK_FUNCTION_EXISTS=futimens -isysroot /Applications/Xcode.app/Contents/Developer/Platforms/MacOSX.platform/Developer/SDKs/MacOSX10.11.sdk   -o CMakeFiles/cmTC_17319.dir/CheckFunctionExists.c.o   -c /Users/Eonil/Unix/homebrew/Cellar/cmake/3.4.0/share/cmake/Modules/CheckFunctionExists.c
clang: warning: -lc++: 'linker' input unused
clang: warning: argument unused during compilation: '-L/Applications/Xcode.app/Contents/Developer/Platforms/iPhoneOS.platform/Developer/SDKs/iPhoneOS9.2.sdk/usr/lib'
Linking C executable cmTC_17319
/Users/Eonil/Unix/homebrew/Cellar/cmake/3.4.0/bin/cmake -E cmake_link_script CMakeFiles/cmTC_17319.dir/link.txt --verbose=1
/Applications/Xcode.app/Contents/Developer/Toolchains/XcodeDefault.xctoolchain/usr/bin/cc  -D_GNU_SOURCE -Wall -Wextra -arch armv6 -isysroot "/Applications/Xcode.app/Contents/Developer/Platforms/iPhoneOS.platform/Developer/SDKs/iPhoneOS9.2.sdk" -miphoneos-version-min=4.0 -I/Applications/Xcode.app/Contents/Developer/Platforms/iPhoneOS.platform/Developer/SDKs/iPhoneOS9.2.sdk/usr/include -L/Applications/Xcode.app/Contents/Developer/Platforms/iPhoneOS.platform/Developer/SDKs/iPhoneOS9.2.sdk/usr/lib -lc++ -std=c11  -DCHECK_FUNCTION_EXISTS=futimens -isysroot /Applications/Xcode.app/Contents/Developer/Platforms/MacOSX.platform/Developer/SDKs/MacOSX10.11.sdk -Wl,-headerpad_max_install_names  -arch armv6 -isysroot "/Applications/Xcode.app/Contents/Developer/Platforms/iPhoneOS.platform/Developer/SDKs/iPhoneOS9.2.sdk" -miphoneos-version-min=4.0 -I/Applications/Xcode.app/Contents/Developer/Platforms/iPhoneOS.platform/Developer/SDKs/iPhoneOS9.2.sdk/usr/include -L/Applications/Xcode.app/Contents/Developer/Platforms/iPhoneOS.platform/Developer/SDKs/iPhoneOS9.2.sdk/usr/lib -lc++ -std=c11 -std=c11 -std=c++14 -lpthread -lc++  CMakeFiles/cmTC_17319.dir/CheckFunctionExists.c.o  -o cmTC_17319  
ld: warning: ignoring file /Applications/Xcode.app/Contents/Developer/Platforms/iPhoneOS.platform/Developer/SDKs/iPhoneOS9.2.sdk/usr/lib/libc++.tbd, missing required architecture armv6 in file /Applications/Xcode.app/Contents/Developer/Platforms/iPhoneOS.platform/Developer/SDKs/iPhoneOS9.2.sdk/usr/lib/libc++.tbd
ld: file is universal (2 slices) but does not contain a(n) armv6 slice: /Applications/Xcode.app/Contents/Developer/Platforms/iPhoneOS.platform/Developer/SDKs/iPhoneOS9.2.sdk/usr/lib/crt1.3.1.o file '/Applications/Xcode.app/Contents/Developer/Platforms/iPhoneOS.platform/Developer/SDKs/iPhoneOS9.2.sdk/usr/lib/crt1.3.1.o' for architecture armv6
clang: error: linker command failed with exit code 1 (use -v to see invocation)
make[1]: *** [cmTC_17319] Error 1
make: *** [cmTC_17319/fast] Error 2


Determining if the function qsort_r exists failed with the following output:
Change Dir: /Users/Eonil/Temp/a1/libgit2-make-ios/bin/CMakeFiles/CMakeTmp

Run Build Command:"/usr/bin/make" "cmTC_161f2/fast"
/Applications/Xcode.app/Contents/Developer/usr/bin/make -f CMakeFiles/cmTC_161f2.dir/build.make CMakeFiles/cmTC_161f2.dir/build
Building C object CMakeFiles/cmTC_161f2.dir/CheckFunctionExists.c.o
/Applications/Xcode.app/Contents/Developer/Toolchains/XcodeDefault.xctoolchain/usr/bin/cc    -D_GNU_SOURCE -Wall -Wextra -arch armv6 -isysroot "/Applications/Xcode.app/Contents/Developer/Platforms/iPhoneOS.platform/Developer/SDKs/iPhoneOS9.2.sdk" -miphoneos-version-min=4.0 -I/Applications/Xcode.app/Contents/Developer/Platforms/iPhoneOS.platform/Developer/SDKs/iPhoneOS9.2.sdk/usr/include -L/Applications/Xcode.app/Contents/Developer/Platforms/iPhoneOS.platform/Developer/SDKs/iPhoneOS9.2.sdk/usr/lib -lc++ -std=c11  -DCHECK_FUNCTION_EXISTS=qsort_r -isysroot /Applications/Xcode.app/Contents/Developer/Platforms/MacOSX.platform/Developer/SDKs/MacOSX10.11.sdk   -o CMakeFiles/cmTC_161f2.dir/CheckFunctionExists.c.o   -c /Users/Eonil/Unix/homebrew/Cellar/cmake/3.4.0/share/cmake/Modules/CheckFunctionExists.c
clang: warning: -lc++: 'linker' input unused
clang: warning: argument unused during compilation: '-L/Applications/Xcode.app/Contents/Developer/Platforms/iPhoneOS.platform/Developer/SDKs/iPhoneOS9.2.sdk/usr/lib'
Linking C executable cmTC_161f2
/Users/Eonil/Unix/homebrew/Cellar/cmake/3.4.0/bin/cmake -E cmake_link_script CMakeFiles/cmTC_161f2.dir/link.txt --verbose=1
/Applications/Xcode.app/Contents/Developer/Toolchains/XcodeDefault.xctoolchain/usr/bin/cc  -D_GNU_SOURCE -Wall -Wextra -arch armv6 -isysroot "/Applications/Xcode.app/Contents/Developer/Platforms/iPhoneOS.platform/Developer/SDKs/iPhoneOS9.2.sdk" -miphoneos-version-min=4.0 -I/Applications/Xcode.app/Contents/Developer/Platforms/iPhoneOS.platform/Developer/SDKs/iPhoneOS9.2.sdk/usr/include -L/Applications/Xcode.app/Contents/Developer/Platforms/iPhoneOS.platform/Developer/SDKs/iPhoneOS9.2.sdk/usr/lib -lc++ -std=c11  -DCHECK_FUNCTION_EXISTS=qsort_r -isysroot /Applications/Xcode.app/Contents/Developer/Platforms/MacOSX.platform/Developer/SDKs/MacOSX10.11.sdk -Wl,-headerpad_max_install_names  -arch armv6 -isysroot "/Applications/Xcode.app/Contents/Developer/Platforms/iPhoneOS.platform/Developer/SDKs/iPhoneOS9.2.sdk" -miphoneos-version-min=4.0 -I/Applications/Xcode.app/Contents/Developer/Platforms/iPhoneOS.platform/Developer/SDKs/iPhoneOS9.2.sdk/usr/include -L/Applications/Xcode.app/Contents/Developer/Platforms/iPhoneOS.platform/Developer/SDKs/iPhoneOS9.2.sdk/usr/lib -lc++ -std=c11 -std=c11 -std=c++14 -lpthread -lc++  CMakeFiles/cmTC_161f2.dir/CheckFunctionExists.c.o  -o cmTC_161f2  
ld: warning: ignoring file /Applications/Xcode.app/Contents/Developer/Platforms/iPhoneOS.platform/Developer/SDKs/iPhoneOS9.2.sdk/usr/lib/libc++.tbd, missing required architecture armv6 in file /Applications/Xcode.app/Contents/Developer/Platforms/iPhoneOS.platform/Developer/SDKs/iPhoneOS9.2.sdk/usr/lib/libc++.tbd
ld: file is universal (2 slices) but does not contain a(n) armv6 slice: /Applications/Xcode.app/Contents/Developer/Platforms/iPhoneOS.platform/Developer/SDKs/iPhoneOS9.2.sdk/usr/lib/crt1.3.1.o file '/Applications/Xcode.app/Contents/Developer/Platforms/iPhoneOS.platform/Developer/SDKs/iPhoneOS9.2.sdk/usr/lib/crt1.3.1.o' for architecture armv6
clang: error: linker command failed with exit code 1 (use -v to see invocation)
make[1]: *** [cmTC_161f2] Error 1
make: *** [cmTC_161f2/fast] Error 2


Determining if the function qsort_s exists failed with the following output:
Change Dir: /Users/Eonil/Temp/a1/libgit2-make-ios/bin/CMakeFiles/CMakeTmp

Run Build Command:"/usr/bin/make" "cmTC_623b3/fast"
/Applications/Xcode.app/Contents/Developer/usr/bin/make -f CMakeFiles/cmTC_623b3.dir/build.make CMakeFiles/cmTC_623b3.dir/build
Building C object CMakeFiles/cmTC_623b3.dir/CheckFunctionExists.c.o
/Applications/Xcode.app/Contents/Developer/Toolchains/XcodeDefault.xctoolchain/usr/bin/cc    -D_GNU_SOURCE -Wall -Wextra -arch armv6 -isysroot "/Applications/Xcode.app/Contents/Developer/Platforms/iPhoneOS.platform/Developer/SDKs/iPhoneOS9.2.sdk" -miphoneos-version-min=4.0 -I/Applications/Xcode.app/Contents/Developer/Platforms/iPhoneOS.platform/Developer/SDKs/iPhoneOS9.2.sdk/usr/include -L/Applications/Xcode.app/Contents/Developer/Platforms/iPhoneOS.platform/Developer/SDKs/iPhoneOS9.2.sdk/usr/lib -lc++ -std=c11  -DCHECK_FUNCTION_EXISTS=qsort_s -isysroot /Applications/Xcode.app/Contents/Developer/Platforms/MacOSX.platform/Developer/SDKs/MacOSX10.11.sdk   -o CMakeFiles/cmTC_623b3.dir/CheckFunctionExists.c.o   -c /Users/Eonil/Unix/homebrew/Cellar/cmake/3.4.0/share/cmake/Modules/CheckFunctionExists.c
clang: warning: -lc++: 'linker' input unused
clang: warning: argument unused during compilation: '-L/Applications/Xcode.app/Contents/Developer/Platforms/iPhoneOS.platform/Developer/SDKs/iPhoneOS9.2.sdk/usr/lib'
Linking C executable cmTC_623b3
/Users/Eonil/Unix/homebrew/Cellar/cmake/3.4.0/bin/cmake -E cmake_link_script CMakeFiles/cmTC_623b3.dir/link.txt --verbose=1
/Applications/Xcode.app/Contents/Developer/Toolchains/XcodeDefault.xctoolchain/usr/bin/cc  -D_GNU_SOURCE -Wall -Wextra -arch armv6 -isysroot "/Applications/Xcode.app/Contents/Developer/Platforms/iPhoneOS.platform/Developer/SDKs/iPhoneOS9.2.sdk" -miphoneos-version-min=4.0 -I/Applications/Xcode.app/Contents/Developer/Platforms/iPhoneOS.platform/Developer/SDKs/iPhoneOS9.2.sdk/usr/include -L/Applications/Xcode.app/Contents/Developer/Platforms/iPhoneOS.platform/Developer/SDKs/iPhoneOS9.2.sdk/usr/lib -lc++ -std=c11  -DCHECK_FUNCTION_EXISTS=qsort_s -isysroot /Applications/Xcode.app/Contents/Developer/Platforms/MacOSX.platform/Developer/SDKs/MacOSX10.11.sdk -Wl,-headerpad_max_install_names  -arch armv6 -isysroot "/Applications/Xcode.app/Contents/Developer/Platforms/iPhoneOS.platform/Developer/SDKs/iPhoneOS9.2.sdk" -miphoneos-version-min=4.0 -I/Applications/Xcode.app/Contents/Developer/Platforms/iPhoneOS.platform/Developer/SDKs/iPhoneOS9.2.sdk/usr/include -L/Applications/Xcode.app/Contents/Developer/Platforms/iPhoneOS.platform/Developer/SDKs/iPhoneOS9.2.sdk/usr/lib -lc++ -std=c11 -std=c11 -std=c++14 -lpthread -lc++  CMakeFiles/cmTC_623b3.dir/CheckFunctionExists.c.o  -o cmTC_623b3  
ld: warning: ignoring file /Applications/Xcode.app/Contents/Developer/Platforms/iPhoneOS.platform/Developer/SDKs/iPhoneOS9.2.sdk/usr/lib/libc++.tbd, missing required architecture armv6 in file /Applications/Xcode.app/Contents/Developer/Platforms/iPhoneOS.platform/Developer/SDKs/iPhoneOS9.2.sdk/usr/lib/libc++.tbd
ld: file is universal (2 slices) but does not contain a(n) armv6 slice: /Applications/Xcode.app/Contents/Developer/Platforms/iPhoneOS.platform/Developer/SDKs/iPhoneOS9.2.sdk/usr/lib/crt1.3.1.o file '/Applications/Xcode.app/Contents/Developer/Platforms/iPhoneOS.platform/Developer/SDKs/iPhoneOS9.2.sdk/usr/lib/crt1.3.1.o' for architecture armv6
clang: error: linker command failed with exit code 1 (use -v to see invocation)
make[1]: *** [cmTC_623b3] Error 1
make: *** [cmTC_623b3/fast] Error 2


Determining if the function clock_gettime exists in the rt failed with the following output:
Change Dir: /Users/Eonil/Temp/a1/libgit2-make-ios/bin/CMakeFiles/CMakeTmp

Run Build Command:"/usr/bin/make" "cmTC_778dd/fast"
/Applications/Xcode.app/Contents/Developer/usr/bin/make -f CMakeFiles/cmTC_778dd.dir/build.make CMakeFiles/cmTC_778dd.dir/build
Building C object CMakeFiles/cmTC_778dd.dir/CheckFunctionExists.c.o
/Applications/Xcode.app/Contents/Developer/Toolchains/XcodeDefault.xctoolchain/usr/bin/cc    -D_GNU_SOURCE -Wall -Wextra -arch armv6 -isysroot "/Applications/Xcode.app/Contents/Developer/Platforms/iPhoneOS.platform/Developer/SDKs/iPhoneOS9.2.sdk" -miphoneos-version-min=4.0 -I/Applications/Xcode.app/Contents/Developer/Platforms/iPhoneOS.platform/Developer/SDKs/iPhoneOS9.2.sdk/usr/include -L/Applications/Xcode.app/Contents/Developer/Platforms/iPhoneOS.platform/Developer/SDKs/iPhoneOS9.2.sdk/usr/lib -lc++ -std=c11  -DCHECK_FUNCTION_EXISTS=clock_gettime -isysroot /Applications/Xcode.app/Contents/Developer/Platforms/MacOSX.platform/Developer/SDKs/MacOSX10.11.sdk   -o CMakeFiles/cmTC_778dd.dir/CheckFunctionExists.c.o   -c /Users/Eonil/Unix/homebrew/Cellar/cmake/3.4.0/share/cmake/Modules/CheckFunctionExists.c
clang: warning: -lc++: 'linker' input unused
clang: warning: argument unused during compilation: '-L/Applications/Xcode.app/Contents/Developer/Platforms/iPhoneOS.platform/Developer/SDKs/iPhoneOS9.2.sdk/usr/lib'
Linking C executable cmTC_778dd
/Users/Eonil/Unix/homebrew/Cellar/cmake/3.4.0/bin/cmake -E cmake_link_script CMakeFiles/cmTC_778dd.dir/link.txt --verbose=1
/Applications/Xcode.app/Contents/Developer/Toolchains/XcodeDefault.xctoolchain/usr/bin/cc  -D_GNU_SOURCE -Wall -Wextra -arch armv6 -isysroot "/Applications/Xcode.app/Contents/Developer/Platforms/iPhoneOS.platform/Developer/SDKs/iPhoneOS9.2.sdk" -miphoneos-version-min=4.0 -I/Applications/Xcode.app/Contents/Developer/Platforms/iPhoneOS.platform/Developer/SDKs/iPhoneOS9.2.sdk/usr/include -L/Applications/Xcode.app/Contents/Developer/Platforms/iPhoneOS.platform/Developer/SDKs/iPhoneOS9.2.sdk/usr/lib -lc++ -std=c11  -DCHECK_FUNCTION_EXISTS=clock_gettime -isysroot /Applications/Xcode.app/Contents/Developer/Platforms/MacOSX.platform/Developer/SDKs/MacOSX10.11.sdk -Wl,-headerpad_max_install_names  -arch armv6 -isysroot "/Applications/Xcode.app/Contents/Developer/Platforms/iPhoneOS.platform/Developer/SDKs/iPhoneOS9.2.sdk" -miphoneos-version-min=4.0 -I/Applications/Xcode.app/Contents/Developer/Platforms/iPhoneOS.platform/Developer/SDKs/iPhoneOS9.2.sdk/usr/include -L/Applications/Xcode.app/Contents/Developer/Platforms/iPhoneOS.platform/Developer/SDKs/iPhoneOS9.2.sdk/usr/lib -lc++ -std=c11 -std=c11 -std=c++14 -lpthread -lc++  CMakeFiles/cmTC_778dd.dir/CheckFunctionExists.c.o  -o cmTC_778dd  -L/Users/Eonil/Temp/a1/libgit2-make-ios/bin/CMakeFiles/CMakeTmp/time.h  -lrt 
ld: warning: directory not found for option '-L/Users/Eonil/Temp/a1/libgit2-make-ios/bin/CMakeFiles/CMakeTmp/time.h'
ld: library not found for -lrt
clang: error: linker command failed with exit code 1 (use -v to see invocation)
make[1]: *** [cmTC_778dd] Error 1
make: *** [cmTC_778dd/fast] Error 2


